#
# There is insufficient memory for the Java Runtime Environment to continue.
# Native memory allocation (malloc) failed to allocate 1804496 bytes for Chunk::new
# Possible reasons:
#   The system is out of physical RAM or swap space
#   In 32 bit mode, the process size limit was hit
# Possible solutions:
#   Reduce memory load on the system
#   Increase physical memory or swap space
#   Check if swap backing store is full
#   Use 64 bit Java on a 64 bit OS
#   Decrease Java heap size (-Xmx/-Xms)
#   Decrease number of Java threads
#   Decrease Java thread stack sizes (-Xss)
#   Set larger code cache with -XX:ReservedCodeCacheSize=
# This output file may be truncated or incomplete.
#
#  Out of Memory Error (allocation.cpp:390), pid=16092, tid=13084
#
# JRE version: Java(TM) SE Runtime Environment (8.0_25-b18) (build 1.8.0_25-b18)
# Java VM: Java HotSpot(TM) 64-Bit Server VM (25.25-b02 mixed mode windows-amd64 compressed oops)
# Failed to write core dump. Minidumps are not enabled by default on client versions of Windows
#

---------------  T H R E A D  ---------------

Current thread (0x0000000017470000):  JavaThread "C2 CompilerThread0" daemon [_thread_in_native, id=13084, stack(0x0000000018ae0000,0x0000000018be0000)]

Stack: [0x0000000018ae0000,0x0000000018be0000]
Native frames: (J=compiled Java code, j=interpreted, Vv=VM code, C=native code)
V  [jvm.dll+0x31667a]
V  [jvm.dll+0x267073]
V  [jvm.dll+0x267cb3]
V  [jvm.dll+0x25f5b5]
V  [jvm.dll+0xbf165]
V  [jvm.dll+0xbf60c]
V  [jvm.dll+0x45d672]
V  [jvm.dll+0x49e8ef]
V  [jvm.dll+0x4524ef]
V  [jvm.dll+0x453864]
V  [jvm.dll+0x437372]
V  [jvm.dll+0x98a02]
V  [jvm.dll+0x991f3]
V  [jvm.dll+0x22bde4]
V  [jvm.dll+0x2852fa]
C  [msvcr100.dll+0x21d9f]
C  [msvcr100.dll+0x21e3b]
C  [KERNEL32.DLL+0x11fe4]
C  [ntdll.dll+0x6efc1]


Current CompileTask:
C2:  34814 9070       4       org.gradle.internal.component.model.ComponentAttributeMatcher::match (258 bytes)


---------------  P R O C E S S  ---------------

Java Threads: ( => current thread )
  0x000000001a4ec000 JavaThread "Memory manager" [_thread_blocked, id=15876, stack(0x00000000203d0000,0x00000000204d0000)]
  0x000000001a4ef000 JavaThread "build operations Thread 4" [_thread_blocked, id=16176, stack(0x00000000202d0000,0x00000000203d0000)]
  0x000000001a4eb000 JavaThread "build operations Thread 3" [_thread_blocked, id=7292, stack(0x00000000201d0000,0x00000000202d0000)]
  0x000000001a4f1000 JavaThread "build operations Thread 2" [_thread_blocked, id=10072, stack(0x00000000200d0000,0x00000000201d0000)]
  0x000000001a4f0800 JavaThread "build operations" [_thread_blocked, id=1236, stack(0x000000001ffd0000,0x00000000200d0000)]
  0x000000001a4ef800 JavaThread "Cache worker for Artifact transforms cache (F:\gradleä»“åº“\.gradle\caches\transforms-1)" [_thread_blocked, id=10940, stack(0x000000001f6d0000,0x000000001f7d0000)]
  0x000000001a4ed800 JavaThread "Cache worker for file hash cache (F:\åŒ—å¤§é’é¸ŸY2ç»“ä¸šé¡¹ç›®\shopping_mall\.gradle\4.1\fileHashes)" [_thread_blocked, id=16252, stack(0x000000001cd20000,0x000000001ce20000)]
  0x000000001a4ea800 JavaThread "File lock request listener" [_thread_in_native, id=15844, stack(0x000000001ba50000,0x000000001bb50000)]
  0x000000001a31a800 JavaThread "Cache worker for file hash cache (F:\gradleä»“åº“\.gradle\caches\4.1\fileHashes)" [_thread_blocked, id=7260, stack(0x000000001b950000,0x000000001ba50000)]
  0x0000000019ff9800 JavaThread "Stdin handler" [_thread_blocked, id=6768, stack(0x000000001b850000,0x000000001b950000)]
  0x0000000019ff7800 JavaThread "Asynchronous log dispatcher for DefaultDaemonConnection: socket connection from /127.0.0.1:54105 to /127.0.0.1:54106" [_thread_blocked, id=16072, stack(0x000000001b750000,0x000000001b850000)]
  0x0000000019ff6800 JavaThread "Daemon worker" [_thread_in_native, id=5472, stack(0x000000001b650000,0x000000001b750000)]
  0x000000001a23c000 JavaThread "Cancel handler" [_thread_blocked, id=15888, stack(0x000000001b550000,0x000000001b650000)]
  0x000000001a179000 JavaThread "Handler for socket connection from /127.0.0.1:54105 to /127.0.0.1:54106" [_thread_in_native, id=15416, stack(0x000000001b250000,0x000000001b350000)]
  0x000000001a178800 JavaThread "Daemon" [_thread_blocked, id=15552, stack(0x000000001b150000,0x000000001b250000)]
  0x000000001a14c000 JavaThread "Daemon periodic checks" [_thread_blocked, id=15696, stack(0x000000001b050000,0x000000001b150000)]
  0x000000001a143800 JavaThread "Incoming local TCP Connector on port 54105" [_thread_in_native, id=15904, stack(0x000000001aeb0000,0x000000001afb0000)]
  0x0000000019ee5800 JavaThread "Daemon health stats" [_thread_blocked, id=15936, stack(0x000000001abb0000,0x000000001acb0000)]
  0x0000000018c69800 JavaThread "Service Thread" daemon [_thread_blocked, id=15620, stack(0x00000000191e0000,0x00000000192e0000)]
  0x0000000018be7000 JavaThread "C1 CompilerThread2" daemon [_thread_blocked, id=14156, stack(0x00000000190e0000,0x00000000191e0000)]
  0x00000000174bc800 JavaThread "C2 CompilerThread1" daemon [_thread_in_native, id=16340, stack(0x0000000018fe0000,0x00000000190e0000)]
=>0x0000000017470000 JavaThread "C2 CompilerThread0" daemon [_thread_in_native, id=13084, stack(0x0000000018ae0000,0x0000000018be0000)]
  0x000000001746f000 JavaThread "Attach Listener" daemon [_thread_blocked, id=15896, stack(0x00000000189e0000,0x0000000018ae0000)]
  0x000000001746e000 JavaThread "Signal Dispatcher" daemon [_thread_blocked, id=15924, stack(0x00000000188e0000,0x00000000189e0000)]
  0x0000000004d85800 JavaThread "Finalizer" daemon [_thread_blocked, id=16224, stack(0x00000000186e0000,0x00000000187e0000)]
  0x0000000004d7d000 JavaThread "Reference Handler" daemon [_thread_blocked, id=5988, stack(0x00000000185e0000,0x00000000186e0000)]
  0x0000000004c90800 JavaThread "main" [_thread_blocked, id=16368, stack(0x0000000004830000,0x0000000004930000)]

Other Threads:
  0x0000000017425000 VMThread [stack: 0x00000000184e0000,0x00000000185e0000] [id=16376]
  0x0000000018c78800 WatcherThread [stack: 0x00000000192e0000,0x00000000193e0000] [id=9288]

VM state:not at safepoint (normal execution)

VM Mutex/Monitor currently owned by a thread: None

Heap:
 PSYoungGen      total 321024K, used 129901K [0x00000000eab00000, 0x0000000100000000, 0x0000000100000000)
  eden space 296448K, 43% used [0x00000000eab00000,0x00000000f29db570,0x00000000fcc80000)
  from space 24576K, 0% used [0x00000000fcc80000,0x00000000fcc80000,0x00000000fe480000)
  to   space 24064K, 0% used [0x00000000fe880000,0x00000000fe880000,0x0000000100000000)
 ParOldGen       total 214528K, used 87531K [0x00000000c0000000, 0x00000000cd180000, 0x00000000eab00000)
  object space 214528K, 40% used [0x00000000c0000000,0x00000000c557ad90,0x00000000cd180000)
 Metaspace       used 43899K, capacity 45510K, committed 45824K, reserved 1089536K
  class space    used 5934K, capacity 6333K, committed 6400K, reserved 1048576K

Card table byte_map: [0x0000000014150000,0x0000000014360000] byte_map_base: 0x0000000013b50000

Marking Bits: (ParMarkBitMap*) 0x000000005140d490
 Begin Bits: [0x00000000148c0000, 0x00000000158c0000)
 End Bits:   [0x00000000158c0000, 0x00000000168c0000)

Polling page: 0x0000000002ac0000

CodeCache: size=245760Kb used=30855Kb max_used=30874Kb free=214904Kb
 bounds [0x0000000004d90000, 0x0000000006c40000, 0x0000000013d90000]
 total_blobs=8799 nmethods=8099 adapters=611
 compilation: enabled

Compilation events (10 events):
Event: 34.582 Thread 0x00000000174bc800 nmethod 9071 0x0000000005169910 code [0x0000000005169a80, 0x0000000005169d08]
Event: 34.664 Thread 0x00000000174bc800 9072       4       org.gradle.api.internal.attributes.DefaultAttributesSchema::withProducer (17 bytes)
Event: 34.666 Thread 0x00000000174bc800 nmethod 9072 0x00000000062ed410 code [0x00000000062ed560, 0x00000000062ed6d8]
Event: 34.672 Thread 0x00000000174bc800 9073       4       io.spring.gradle.dependencymanagement.org.apache.maven.model.merge.ModelMerger::mergeReporting_OutputDirectory (43 bytes)
Event: 34.673 Thread 0x00000000174bc800 nmethod 9073 0x00000000057d14d0 code [0x00000000057d1620, 0x00000000057d1718]
Event: 34.677 Thread 0x00000000174bc800 9074   !   4       io.spring.gradle.dependencymanagement.org.apache.maven.model.io.DefaultModelReader::read (58 bytes)
Event: 34.687 Thread 0x00000000174bc800 nmethod 9074 0x0000000005ed6a10 code [0x0000000005ed6c00, 0x0000000005ed7450]
Event: 34.687 Thread 0x00000000174bc800 9075       4       io.spring.gradle.dependencymanagement.org.apache.maven.model.validation.DefaultModelValidator::validateRawModel (713 bytes)
Event: 34.729 Thread 0x0000000018be7000 9076   !   3       sun.reflect.GeneratedMethodAccessor104::invoke (61 bytes)
Event: 34.729 Thread 0x0000000018be7000 nmethod 9076 0x000000000582b910 code [0x000000000582bae0, 0x000000000582c0c8]

GC Heap History (10 events):
Event: 30.469 GC heap before
{Heap before GC invocations=28 (full 2):
 PSYoungGen      total 321024K, used 301056K [0x00000000eab00000, 0x00000000fff80000, 0x0000000100000000)
  eden space 293376K, 100% used [0x00000000eab00000,0x00000000fc980000,0x00000000fc980000)
  from space 27648K, 27% used [0x00000000fc980000,0x00000000fd100000,0x00000000fe480000)
  to   space 27136K, 0% used [0x00000000fe500000,0x00000000fe500000,0x00000000fff80000)
 ParOldGen       total 109568K, used 70874K [0x00000000c0000000, 0x00000000c6b00000, 0x00000000eab00000)
  object space 109568K, 64% used [0x00000000c0000000,0x00000000c45368b8,0x00000000c6b00000)
 Metaspace       used 43871K, capacity 45510K, committed 45824K, reserved 1089536K
  class space    used 5933K, capacity 6333K, committed 6400K, reserved 1048576K
Event: 30.481 GC heap after
Heap after GC invocations=28 (full 2):
 PSYoungGen      total 320512K, used 8992K [0x00000000eab00000, 0x00000000ffe80000, 0x0000000100000000)
  eden space 294400K, 0% used [0x00000000eab00000,0x00000000eab00000,0x00000000fca80000)
  from space 26112K, 34% used [0x00000000fe500000,0x00000000fedc8000,0x00000000ffe80000)
  to   space 26624K, 0% used [0x00000000fca80000,0x00000000fca80000,0x00000000fe480000)
 ParOldGen       total 109568K, used 72962K [0x00000000c0000000, 0x00000000c6b00000, 0x00000000eab00000)
  object space 109568K, 66% used [0x00000000c0000000,0x00000000c47408d8,0x00000000c6b00000)
 Metaspace       used 43871K, capacity 45510K, committed 45824K, reserved 1089536K
  class space    used 5933K, capacity 6333K, committed 6400K, reserved 1048576K
}
Event: 31.680 GC heap before
{Heap before GC invocations=29 (full 2):
 PSYoungGen      total 320512K, used 303392K [0x00000000eab00000, 0x00000000ffe80000, 0x0000000100000000)
  eden space 294400K, 100% used [0x00000000eab00000,0x00000000fca80000,0x00000000fca80000)
  from space 26112K, 34% used [0x00000000fe500000,0x00000000fedc8000,0x00000000ffe80000)
  to   space 26624K, 0% used [0x00000000fca80000,0x00000000fca80000,0x00000000fe480000)
 ParOldGen       total 109568K, used 72962K [0x00000000c0000000, 0x00000000c6b00000, 0x00000000eab00000)
  object space 109568K, 66% used [0x00000000c0000000,0x00000000c47408d8,0x00000000c6b00000)
 Metaspace       used 43878K, capacity 45510K, committed 45824K, reserved 1089536K
  class space    used 5933K, capacity 6333K, committed 6400K, reserved 1048576K
Event: 31.700 GC heap after
Heap after GC invocations=29 (full 2):
 PSYoungGen      total 321024K, used 7072K [0x00000000eab00000, 0x00000000fff80000, 0x0000000100000000)
  eden space 294400K, 0% used [0x00000000eab00000,0x00000000eab00000,0x00000000fca80000)
  from space 26624K, 26% used [0x00000000fca80000,0x00000000fd168000,0x00000000fe480000)
  to   space 26112K, 0% used [0x00000000fe600000,0x00000000fe600000,0x00000000fff80000)
 ParOldGen       total 109568K, used 81526K [0x00000000c0000000, 0x00000000c6b00000, 0x00000000eab00000)
  object space 109568K, 74% used [0x00000000c0000000,0x00000000c4f9d9a8,0x00000000c6b00000)
 Metaspace       used 43878K, capacity 45510K, committed 45824K, reserved 1089536K
  class space    used 5933K, capacity 6333K, committed 6400K, reserved 1048576K
}
Event: 32.745 GC heap before
{Heap before GC invocations=30 (full 2):
 PSYoungGen      total 321024K, used 301472K [0x00000000eab00000, 0x00000000fff80000, 0x0000000100000000)
  eden space 294400K, 100% used [0x00000000eab00000,0x00000000fca80000,0x00000000fca80000)
  from space 26624K, 26% used [0x00000000fca80000,0x00000000fd168000,0x00000000fe480000)
  to   space 26112K, 0% used [0x00000000fe600000,0x00000000fe600000,0x00000000fff80000)
 ParOldGen       total 109568K, used 81526K [0x00000000c0000000, 0x00000000c6b00000, 0x00000000eab00000)
  object space 109568K, 74% used [0x00000000c0000000,0x00000000c4f9d9a8,0x00000000c6b00000)
 Metaspace       used 43891K, capacity 45510K, committed 45824K, reserved 1089536K
  class space    used 5934K, capacity 6333K, committed 6400K, reserved 1048576K
Event: 32.774 GC heap after
Heap after GC invocations=30 (full 2):
 PSYoungGen      total 319488K, used 11856K [0x00000000eab00000, 0x00000000ffc80000, 0x0000000100000000)
  eden space 296448K, 0% used [0x00000000eab00000,0x00000000eab00000,0x00000000fcc80000)
  from space 23040K, 51% used [0x00000000fe600000,0x00000000ff194010,0x00000000ffc80000)
  to   space 24576K, 0% used [0x00000000fcc80000,0x00000000fcc80000,0x00000000fe480000)
 ParOldGen       total 109568K, used 87438K [0x00000000c0000000, 0x00000000c6b00000, 0x00000000eab00000)
  object space 109568K, 79% used [0x00000000c0000000,0x00000000c55639a8,0x00000000c6b00000)
 Metaspace       used 43891K, capacity 45510K, committed 45824K, reserved 1089536K
  class space    used 5934K, capacity 6333K, committed 6400K, reserved 1048576K
}
Event: 33.980 GC heap before
{Heap before GC invocations=31 (full 2):
 PSYoungGen      total 319488K, used 308304K [0x00000000eab00000, 0x00000000ffc80000, 0x0000000100000000)
  eden space 296448K, 100% used [0x00000000eab00000,0x00000000fcc80000,0x00000000fcc80000)
  from space 23040K, 51% used [0x00000000fe600000,0x00000000ff194010,0x00000000ffc80000)
  to   space 24576K, 0% used [0x00000000fcc80000,0x00000000fcc80000,0x00000000fe480000)
 ParOldGen       total 109568K, used 87438K [0x00000000c0000000, 0x00000000c6b00000, 0x00000000eab00000)
  object space 109568K, 79% used [0x00000000c0000000,0x00000000c55639a8,0x00000000c6b00000)
 Metaspace       used 43894K, capacity 45510K, committed 45824K, reserved 1089536K
  class space    used 5934K, capacity 6333K, committed 6400K, reserved 1048576K
Event: 34.000 GC heap after
Heap after GC invocations=31 (full 2):
 PSYoungGen      total 321024K, used 7488K [0x00000000eab00000, 0x0000000100000000, 0x0000000100000000)
  eden space 296448K, 0% used [0x00000000eab00000,0x00000000eab00000,0x00000000fcc80000)
  from space 24576K, 30% used [0x00000000fcc80000,0x00000000fd3d0000,0x00000000fe480000)
  to   space 24064K, 0% used [0x00000000fe880000,0x00000000fe880000,0x0000000100000000)
 ParOldGen       total 109568K, used 98650K [0x00000000c0000000, 0x00000000c6b00000, 0x00000000eab00000)
  object space 109568K, 90% used [0x00000000c0000000,0x00000000c6056ad8,0x00000000c6b00000)
 Metaspace       used 43894K, capacity 45510K, committed 45824K, reserved 1089536K
  class space    used 5934K, capacity 6333K, committed 6400K, reserved 1048576K
}
Event: 34.000 GC heap before
{Heap before GC invocations=32 (full 3):
 PSYoungGen      total 321024K, used 7488K [0x00000000eab00000, 0x0000000100000000, 0x0000000100000000)
  eden space 296448K, 0% used [0x00000000eab00000,0x00000000eab00000,0x00000000fcc80000)
  from space 24576K, 30% used [0x00000000fcc80000,0x00000000fd3d0000,0x00000000fe480000)
  to   space 24064K, 0% used [0x00000000fe880000,0x00000000fe880000,0x0000000100000000)
 ParOldGen       total 109568K, used 98650K [0x00000000c0000000, 0x00000000c6b00000, 0x00000000eab00000)
  object space 109568K, 90% used [0x00000000c0000000,0x00000000c6056ad8,0x00000000c6b00000)
 Metaspace       used 43894K, capacity 45510K, committed 45824K, reserved 1089536K
  class space    used 5934K, capacity 6333K, committed 6400K, reserved 1048576K
Event: 34.499 GC heap after
Heap after GC invocations=32 (full 3):
 PSYoungGen      total 321024K, used 0K [0x00000000eab00000, 0x0000000100000000, 0x0000000100000000)
  eden space 296448K, 0% used [0x00000000eab00000,0x00000000eab00000,0x00000000fcc80000)
  from space 24576K, 0% used [0x00000000fcc80000,0x00000000fcc80000,0x00000000fe480000)
  to   space 24064K, 0% used [0x00000000fe880000,0x00000000fe880000,0x0000000100000000)
 ParOldGen       total 214528K, used 87531K [0x00000000c0000000, 0x00000000cd180000, 0x00000000eab00000)
  object space 214528K, 40% used [0x00000000c0000000,0x00000000c557ad90,0x00000000cd180000)
 Metaspace       used 43894K, capacity 45510K, committed 45824K, reserved 1089536K
  class space    used 5934K, capacity 6333K, committed 6400K, reserved 1048576K
}

Deoptimization events (10 events):
Event: 23.825 Thread 0x0000000019ff6800 Uncommon trap: reason=bimorphic action=maybe_recompile pc=0x0000000006567078 method=java.util.AbstractList.hashCode()I @ 3
Event: 23.825 Thread 0x0000000019ff6800 Uncommon trap: reason=bimorphic action=maybe_recompile pc=0x0000000006567078 method=java.util.AbstractList.hashCode()I @ 3
Event: 24.154 Thread 0x0000000019ff6800 Uncommon trap: reason=null_check action=make_not_entrant pc=0x000000000684a828 method=io.spring.gradle.dependencymanagement.org.apache.maven.model.validation.DefaultModelValidator.validateRawDependencies(Lio/spring/gradle/dependencymanagement/org/apache/ma<Â:I8@
Event: 24.285 Thread 0x0000000019ff6800 Uncommon trap: reason=null_check action=make_not_entrant pc=0x0000000006856f58 method=io.spring.gradle.dependencymanagement.org.apache.maven.model.validation.DefaultModelValidator.validateRawDependencies(Lio/spring/gradle/dependencymanagement/org/apache/maÌBìê9@
Event: 25.075 Thread 0x0000000019ff6800 Uncommon trap: reason=null_check action=make_not_entrant pc=0x00000000068c9f38 method=io.spring.gradle.dependencymanagement.org.apache.maven.model.profile.activation.PropertyProfileActivator.isActive(Lio/spring/gradle/dependencymanagement/org/apache/maven/d‚óD9@
Event: 25.552 Thread 0x0000000019ff6800 Uncommon trap: reason=bimorphic action=maybe_recompile pc=0x0000000006567078 method=java.util.AbstractList.hashCode()I @ 3
Event: 27.347 Thread 0x0000000019ff6800 Uncommon trap: reason=unreached action=reinterpret pc=0x0000000006989f60 method=io.spring.gradle.dependencymanagement.org.apache.maven.model.Contributor.clone()Lio/spring/gradle/dependencymanagement/org/apache/maven/model/Contributor; @ 44
Event: 28.465 Thread 0x0000000019ff6800 Uncommon trap: reason=null_check action=make_not_entrant pc=0x00000000069e4954 method=io.spring.gradle.dependencymanagement.org.apache.maven.model.building.DefaultModelBuilder.importDependencyManagement(Lio/spring/gradle/dependencymanagement/org/apache/mav06šIÁÀ=@
Event: 29.753 Thread 0x0000000019ff6800 Uncommon trap: reason=unloaded action=reinterpret pc=0x0000000006addd20 method=io.spring.gradle.dependencymanagement.org.apache.maven.model.path.DefaultUrlNormalizer.normalize(Ljava/lang/String;)Ljava/lang/String; @ 65
Event: 32.635 Thread 0x000000001a14c000 Uncommon trap: reason=speculate_class_check action=maybe_recompile pc=0x0000000005c9af90 method=java.util.AbstractList.listIterator()Ljava/util/ListIterator; @ 2

Internal exceptions (10 events):
Event: 22.609 Thread 0x0000000019ff6800 Implicit null exception at 0x000000000674344a to 0x0000000006748c85
Event: 22.985 Thread 0x0000000019ff6800 Implicit null exception at 0x0000000006756658 to 0x000000000675bdbd
Event: 24.154 Thread 0x0000000019ff6800 Implicit null exception at 0x0000000006848bd5 to 0x000000000684a80d
Event: 24.285 Thread 0x0000000019ff6800 Implicit null exception at 0x000000000685541f to 0x0000000006856f3d
Event: 28.465 Thread 0x0000000019ff6800 Implicit null exception at 0x00000000069dfa63 to 0x00000000069e4909
Event: 29.809 Thread 0x0000000019ff6800 Exception <a 'java/security/PrivilegedActionException'> (0x00000000f3734b58) thrown at [D:\re\workspace\8-2-build-windows-amd64-cygwin\jdk8u25\1677\hotspot\src\share\vm\prims\jvm.cpp, line 1312]
Event: 29.809 Thread 0x0000000019ff6800 Exception <a 'java/security/PrivilegedActionException'> (0x00000000f3735e88) thrown at [D:\re\workspace\8-2-build-windows-amd64-cygwin\jdk8u25\1677\hotspot\src\share\vm\prims\jvm.cpp, line 1312]
Event: 32.667 Thread 0x0000000019ff6800 Exception <a 'java/security/PrivilegedActionException'> (0x00000000fbd00048) thrown at [D:\re\workspace\8-2-build-windows-amd64-cygwin\jdk8u25\1677\hotspot\src\share\vm\prims\jvm.cpp, line 1312]
Event: 32.667 Thread 0x0000000019ff6800 Exception <a 'java/security/PrivilegedActionException'> (0x00000000fbd01648) thrown at [D:\re\workspace\8-2-build-windows-amd64-cygwin\jdk8u25\1677\hotspot\src\share\vm\prims\jvm.cpp, line 1312]
Event: 34.676 Thread 0x0000000019ff6800 Exception <a 'java/security/PrivilegedActionException'> (0x00000000ef24ad90) thrown at [D:\re\workspace\8-2-build-windows-amd64-cygwin\jdk8u25\1677\hotspot\src\share\vm\prims\jvm.cpp, line 1312]

Events (10 events):
Event: 32.635 Thread 0x000000001a14c000 DEOPT PACKING pc=0x0000000005c9af90 sp=0x000000001b14e9e0
Event: 32.635 Thread 0x000000001a14c000 DEOPT UNPACKING pc=0x0000000004dd556a sp=0x000000001b14e928 mode 2
Event: 32.667 loading class org/gradle/internal/typeconversion/NotationConverterToNotationParserAdapter$1
Event: 32.667 loading class org/gradle/internal/typeconversion/NotationConverterToNotationParserAdapter$1 done
Event: 32.745 Executing VM operation: ParallelGCFailedAllocation
Event: 32.774 Executing VM operation: ParallelGCFailedAllocation done
Event: 33.980 Executing VM operation: ParallelGCFailedAllocation
Event: 34.499 Executing VM operation: ParallelGCFailedAllocation done
Event: 34.676 loading class io/spring/gradle/dependencymanagement/org/apache/maven/model/InputSource
Event: 34.676 loading class io/spring/gradle/dependencymanagement/org/apache/maven/model/InputSource done


Dynamic libraries:
0x00007ff749730000 - 0x00007ff749764000 	F:\JDK\jdk1.8.0_25\bin\java.exe
0x00007ffa4cd10000 - 0x00007ffa4cef0000 	C:\WINDOWS\SYSTEM32\ntdll.dll
0x00007ffa4bcd0000 - 0x00007ffa4bd7e000 	C:\WINDOWS\System32\KERNEL32.DLL
0x00007ffa492a0000 - 0x00007ffa49506000 	C:\WINDOWS\System32\KERNELBASE.dll
0x00007ffa4c5f0000 - 0x00007ffa4c691000 	C:\WINDOWS\System32\ADVAPI32.dll
0x00007ffa4c6a0000 - 0x00007ffa4c73d000 	C:\WINDOWS\System32\msvcrt.dll
0x00007ffa4cc80000 - 0x00007ffa4ccdb000 	C:\WINDOWS\System32\sechost.dll
0x00007ffa4c8b0000 - 0x00007ffa4c9cf000 	C:\WINDOWS\System32\RPCRT4.dll
0x00007ffa4a2c0000 - 0x00007ffa4a44f000 	C:\WINDOWS\System32\USER32.dll
0x00007ffa49510000 - 0x00007ffa49530000 	C:\WINDOWS\System32\win32u.dll
0x00007ffa4cbf0000 - 0x00007ffa4cc18000 	C:\WINDOWS\System32\GDI32.dll
0x00007ffa49580000 - 0x00007ffa49713000 	C:\WINDOWS\System32\gdi32full.dll
0x00007ffa49820000 - 0x00007ffa498bb000 	C:\WINDOWS\System32\msvcp_win.dll
0x00007ffa49720000 - 0x00007ffa49816000 	C:\WINDOWS\System32\ucrtbase.dll
0x00007ffa30c50000 - 0x00007ffa30eb9000 	C:\WINDOWS\WinSxS\amd64_microsoft.windows.common-controls_6595b64144ccf1df_6.0.16299.309_none_15cfd4c4935e6b11\COMCTL32.dll
0x00007ffa4c2e0000 - 0x00007ffa4c5e8000 	C:\WINDOWS\System32\combase.dll
0x00007ffa491c0000 - 0x00007ffa49232000 	C:\WINDOWS\System32\bcryptPrimitives.dll
0x00007ffa4a570000 - 0x00007ffa4a59d000 	C:\WINDOWS\System32\IMM32.DLL
0x0000000052740000 - 0x0000000052812000 	F:\JDK\jdk1.8.0_25\jre\bin\msvcr100.dll
0x0000000050c30000 - 0x000000005148a000 	F:\JDK\jdk1.8.0_25\jre\bin\server\jvm.dll
0x00007ffa4cbe0000 - 0x00007ffa4cbe8000 	C:\WINDOWS\System32\PSAPI.DLL
0x00007ffa34500000 - 0x00007ffa34509000 	C:\WINDOWS\SYSTEM32\WSOCK32.dll
0x00007ffa45bb0000 - 0x00007ffa45bd3000 	C:\WINDOWS\SYSTEM32\WINMM.dll
0x00007ffa4a450000 - 0x00007ffa4a4bc000 	C:\WINDOWS\System32\WS2_32.dll
0x00007ffa45aa0000 - 0x00007ffa45aca000 	C:\WINDOWS\SYSTEM32\WINMMBASE.dll
0x00007ffa49530000 - 0x00007ffa4957a000 	C:\WINDOWS\System32\cfgmgr32.dll
0x0000000052730000 - 0x000000005273f000 	F:\JDK\jdk1.8.0_25\jre\bin\verify.dll
0x0000000052700000 - 0x0000000052728000 	F:\JDK\jdk1.8.0_25\jre\bin\java.dll
0x00000000526e0000 - 0x00000000526f6000 	F:\JDK\jdk1.8.0_25\jre\bin\zip.dll
0x00007ffa4a5a0000 - 0x00007ffa4b9d6000 	C:\WINDOWS\System32\SHELL32.dll
0x00007ffa4a4c0000 - 0x00007ffa4a566000 	C:\WINDOWS\System32\shcore.dll
0x00007ffa498c0000 - 0x00007ffa4a007000 	C:\WINDOWS\System32\windows.storage.dll
0x00007ffa4cc20000 - 0x00007ffa4cc71000 	C:\WINDOWS\System32\shlwapi.dll
0x00007ffa490d0000 - 0x00007ffa490e1000 	C:\WINDOWS\System32\kernel.appcore.dll
0x00007ffa49080000 - 0x00007ffa490cc000 	C:\WINDOWS\System32\powrprof.dll
0x00007ffa49060000 - 0x00007ffa4907b000 	C:\WINDOWS\System32\profapi.dll
0x0000000050b30000 - 0x0000000050b4a000 	F:\JDK\jdk1.8.0_25\jre\bin\net.dll
0x00007ffa488f0000 - 0x00007ffa48956000 	C:\WINDOWS\system32\mswsock.dll
0x0000000050b10000 - 0x0000000050b21000 	F:\JDK\jdk1.8.0_25\jre\bin\nio.dll
0x00007ffa3afa0000 - 0x00007ffa3afbe000 	F:\gradle²Ö¿â\.gradle\native\25\windows-amd64\native-platform.dll
0x00000000526a0000 - 0x00000000526ad000 	F:\JDK\jdk1.8.0_25\jre\bin\management.dll
0x00007ffa48ab0000 - 0x00007ffa48ac7000 	C:\WINDOWS\SYSTEM32\CRYPTSP.dll
0x00007ffa484f0000 - 0x00007ffa48523000 	C:\WINDOWS\system32\rsaenh.dll
0x00007ffa48bc0000 - 0x00007ffa48be5000 	C:\WINDOWS\SYSTEM32\bcrypt.dll
0x00007ffa48f90000 - 0x00007ffa48fb9000 	C:\WINDOWS\SYSTEM32\USERENV.dll
0x00007ffa48ad0000 - 0x00007ffa48adb000 	C:\WINDOWS\SYSTEM32\CRYPTBASE.dll
0x00007ffa48680000 - 0x00007ffa486b9000 	C:\WINDOWS\SYSTEM32\IPHLPAPI.DLL
0x00007ffa4cbd0000 - 0x00007ffa4cbd8000 	C:\WINDOWS\System32\NSI.dll
0x00007ffa448b0000 - 0x00007ffa448c6000 	C:\WINDOWS\SYSTEM32\dhcpcsvc6.DLL
0x00007ffa445a0000 - 0x00007ffa445ba000 	C:\WINDOWS\SYSTEM32\dhcpcsvc.DLL
0x00007ffa47a40000 - 0x00007ffa47c08000 	C:\WINDOWS\SYSTEM32\dbghelp.dll

VM Arguments:
jvm_args: -XX:+HeapDumpOnOutOfMemoryError -Xmx1024m -Dfile.encoding=GBK -Duser.country=CN -Duser.language=zh -Duser.variant 
java_command: org.gradle.launcher.daemon.bootstrap.GradleDaemon 4.1
java_class_path (initial): F:\JDK\gradle-4.1\lib\gradle-launcher-4.1.jar
Launcher Type: SUN_STANDARD

Environment Variables:
JAVA_HOME=F:\JDK\jdk1.8.0_25
PATH=C:\Program Files (x86)\Intel\iCLS Client\;C:\Program Files\Intel\iCLS Client\;C:\Windows\system32;C:\Windows;C:\Windows\System32\Wbem;C:\Windows\System32\WindowsPowerShell\v1.0\;C:\Program Files (x86)\Intel\Intel(R) Management Engine Components\DAL;C:\Program Files\Intel\Intel(R) Management Engine Components\DAL;C:\Program Files (x86)\Intel\Intel(R) Management Engine Components\IPT;C:\Program Files\Intel\Intel(R) Management Engine Components\IPT;C:\Program Files (x86)\NVIDIA Corporation\PhysX\Common;C:\Program Files\Intel\WiFi\bin\;C:\Program Files\Common Files\Intel\WirelessCommon\;F:\JDK\jdk1.8.0_25\bin;F:\JDK\gradle-4.1\bin;C:\WINDOWS\system32;C:\WINDOWS;C:\WINDOWS\System32\Wbem;C:\WINDOWS\System32\WindowsPowerShell\v1.0\;D:\Git\cmd;C:\Users\lenovo\AppData\Local\Microsoft\WindowsApps;
USERNAME=lenovo
OS=Windows_NT
PROCESSOR_IDENTIFIER=Intel64 Family 6 Model 94 Stepping 3, GenuineIntel



---------------  S Y S T E M  ---------------

OS: Windows 8.1 , 64 bit Build 9600 

CPU:total 4 (4 cores per cpu, 1 threads per core) family 6 model 94 stepping 3, cmov, cx8, fxsr, mmx, sse, sse2, sse3, ssse3, sse4.1, sse4.2, popcnt, avx, avx2, aes, clmul, erms, rtm, lzcnt, tsc, tscinvbit, bmi1, bmi2

Memory: 4k page, physical 8178668k(34608k free), swap 16042984k(64k free)

vm_info: Java HotSpot(TM) 64-Bit Server VM (25.25-b02) for windows-amd64 JRE (1.8.0_25-b18), built on Oct  7 2014 14:25:37 by "java_re" with MS VC++ 10.0 (VS2010)

time: Tue Mar 27 22:16:56 2018
elapsed time: 34 seconds (0d 0h 0m 34s)

